{"level":"info","message":"Server running on port 3000","service":"youtube-optimizer","timestamp":"2025-09-04T05:28:57.764Z"}
{"level":"info","message":"Environment: development","service":"youtube-optimizer","timestamp":"2025-09-04T05:28:57.766Z"}
{"level":"info","message":"Health check: http://localhost:3000/api/health","service":"youtube-optimizer","timestamp":"2025-09-04T05:28:57.766Z"}
{"level":"info","message":"Server running on port 3000","service":"youtube-optimizer","timestamp":"2025-09-04T05:28:59.240Z"}
{"level":"info","message":"Environment: development","service":"youtube-optimizer","timestamp":"2025-09-04T05:28:59.242Z"}
{"level":"info","message":"Health check: http://localhost:3000/api/health","service":"youtube-optimizer","timestamp":"2025-09-04T05:28:59.242Z"}
{"level":"info","message":"Server running on port 3000","service":"youtube-optimizer","timestamp":"2025-09-04T05:30:07.492Z"}
{"level":"info","message":"Environment: development","service":"youtube-optimizer","timestamp":"2025-09-04T05:30:07.494Z"}
{"level":"info","message":"Health check: http://localhost:3000/api/health","service":"youtube-optimizer","timestamp":"2025-09-04T05:30:07.495Z"}
{"level":"info","message":"Server running on port 3000","service":"youtube-optimizer","timestamp":"2025-09-04T05:33:53.258Z"}
{"level":"info","message":"Environment: development","service":"youtube-optimizer","timestamp":"2025-09-04T05:33:53.261Z"}
{"level":"info","message":"Health check: http://localhost:3000/api/health","service":"youtube-optimizer","timestamp":"2025-09-04T05:33:53.261Z"}
{"level":"info","message":"Server running on port 3000","service":"youtube-optimizer","timestamp":"2025-09-04T05:43:43.108Z"}
{"level":"info","message":"Environment: development","service":"youtube-optimizer","timestamp":"2025-09-04T05:43:43.110Z"}
{"level":"info","message":"Health check: http://localhost:3000/api/health","service":"youtube-optimizer","timestamp":"2025-09-04T05:43:43.111Z"}
{"level":"info","message":"Server running on port 3000","service":"youtube-optimizer","timestamp":"2025-09-04T05:43:51.033Z"}
{"level":"info","message":"Environment: development","service":"youtube-optimizer","timestamp":"2025-09-04T05:43:51.035Z"}
{"level":"info","message":"Health check: http://localhost:3000/api/health","service":"youtube-optimizer","timestamp":"2025-09-04T05:43:51.036Z"}
{"level":"info","message":"Server running on port 3000","service":"youtube-optimizer","timestamp":"2025-09-04T05:43:55.439Z"}
{"level":"info","message":"Environment: development","service":"youtube-optimizer","timestamp":"2025-09-04T05:43:55.442Z"}
{"level":"info","message":"Health check: http://localhost:3000/api/health","service":"youtube-optimizer","timestamp":"2025-09-04T05:43:55.442Z"}
{"level":"info","message":"Server running on port 3000","service":"youtube-optimizer","timestamp":"2025-09-04T05:46:52.026Z"}
{"level":"info","message":"Environment: development","service":"youtube-optimizer","timestamp":"2025-09-04T05:46:52.029Z"}
{"level":"info","message":"Health check: http://localhost:3000/api/health","service":"youtube-optimizer","timestamp":"2025-09-04T05:46:52.029Z"}
{"level":"info","message":"Server running on port 3000","service":"youtube-optimizer","timestamp":"2025-09-04T05:48:37.471Z"}
{"level":"info","message":"Environment: development","service":"youtube-optimizer","timestamp":"2025-09-04T05:48:37.473Z"}
{"level":"info","message":"Health check: http://localhost:3000/api/health","service":"youtube-optimizer","timestamp":"2025-09-04T05:48:37.473Z"}
{"level":"info","message":"Server running on port 3000","service":"youtube-optimizer","timestamp":"2025-09-04T06:01:52.140Z"}
{"level":"info","message":"Environment: development","service":"youtube-optimizer","timestamp":"2025-09-04T06:01:52.142Z"}
{"level":"info","message":"Health check: http://localhost:3000/api/health","service":"youtube-optimizer","timestamp":"2025-09-04T06:01:52.143Z"}
{"level":"info","message":"Server running on port 3000","service":"youtube-optimizer","timestamp":"2025-09-04T06:03:36.912Z"}
{"level":"info","message":"Environment: development","service":"youtube-optimizer","timestamp":"2025-09-04T06:03:36.914Z"}
{"level":"info","message":"Health check: http://localhost:3000/api/health","service":"youtube-optimizer","timestamp":"2025-09-04T06:03:36.914Z"}
{"level":"info","message":"Server running on port 3000","service":"youtube-optimizer","timestamp":"2025-09-04T06:04:08.386Z"}
{"level":"info","message":"Environment: development","service":"youtube-optimizer","timestamp":"2025-09-04T06:04:08.388Z"}
{"level":"info","message":"Health check: http://localhost:3000/api/health","service":"youtube-optimizer","timestamp":"2025-09-04T06:04:08.388Z"}
{"level":"info","message":"Server running on port 3000","service":"youtube-optimizer","timestamp":"2025-09-04T06:06:57.006Z"}
{"level":"info","message":"Environment: development","service":"youtube-optimizer","timestamp":"2025-09-04T06:06:57.008Z"}
{"level":"info","message":"Health check: http://localhost:3000/api/health","service":"youtube-optimizer","timestamp":"2025-09-04T06:06:57.008Z"}
{"level":"info","message":"Server running on port 3000","service":"youtube-optimizer","timestamp":"2025-09-04T06:07:19.073Z"}
{"level":"info","message":"Environment: development","service":"youtube-optimizer","timestamp":"2025-09-04T06:07:19.075Z"}
{"level":"info","message":"Health check: http://localhost:3000/api/health","service":"youtube-optimizer","timestamp":"2025-09-04T06:07:19.075Z"}
{"level":"info","message":"Server running on port 3000","service":"youtube-optimizer","timestamp":"2025-09-04T06:26:16.908Z"}
{"level":"info","message":"Environment: development","service":"youtube-optimizer","timestamp":"2025-09-04T06:26:16.910Z"}
{"level":"info","message":"Health check: http://localhost:3000/api/health","service":"youtube-optimizer","timestamp":"2025-09-04T06:26:16.911Z"}
{"level":"info","message":"Server running on port 3000","service":"youtube-optimizer","timestamp":"2025-09-04T06:26:36.084Z"}
{"level":"info","message":"Environment: development","service":"youtube-optimizer","timestamp":"2025-09-04T06:26:36.086Z"}
{"level":"info","message":"Health check: http://localhost:3000/api/health","service":"youtube-optimizer","timestamp":"2025-09-04T06:26:36.086Z"}
{"level":"info","message":"Server running on port 3000","service":"youtube-optimizer","timestamp":"2025-09-04T06:26:42.634Z"}
{"level":"info","message":"Environment: development","service":"youtube-optimizer","timestamp":"2025-09-04T06:26:42.636Z"}
{"level":"info","message":"Health check: http://localhost:3000/api/health","service":"youtube-optimizer","timestamp":"2025-09-04T06:26:42.636Z"}
{"level":"info","message":"::1 - - [04/Sep/2025:06:26:44 +0000] \"GET /api/keys/user_1756964558773_989sx1nb7 HTTP/1.1\" - - \"http://127.0.0.1:5500/\" \"Mozilla/5.0 (Windows NT 10.0; Win64; x64) AppleWebKit/537.36 (KHTML, like Gecko) Chrome/139.0.0.0 Safari/537.36\"","service":"youtube-optimizer","timestamp":"2025-09-04T06:26:44.636Z"}
{"level":"info","message":"Server running on port 3000","service":"youtube-optimizer","timestamp":"2025-09-04T06:26:46.197Z"}
{"level":"info","message":"Environment: development","service":"youtube-optimizer","timestamp":"2025-09-04T06:26:46.199Z"}
{"level":"info","message":"Health check: http://localhost:3000/api/health","service":"youtube-optimizer","timestamp":"2025-09-04T06:26:46.199Z"}
{"level":"info","message":"::1 - - [04/Sep/2025:06:26:53 +0000] \"GET /api/keys/user_1756964558773_989sx1nb7 HTTP/1.1\" - - \"http://127.0.0.1:5500/\" \"Mozilla/5.0 (Windows NT 10.0; Win64; x64) AppleWebKit/537.36 (KHTML, like Gecko) Chrome/139.0.0.0 Safari/537.36\"","service":"youtube-optimizer","timestamp":"2025-09-04T06:26:53.212Z"}
{"level":"info","message":"Server running on port 3000","service":"youtube-optimizer","timestamp":"2025-09-04T06:26:56.404Z"}
{"level":"info","message":"Environment: development","service":"youtube-optimizer","timestamp":"2025-09-04T06:26:56.406Z"}
{"level":"info","message":"Health check: http://localhost:3000/api/health","service":"youtube-optimizer","timestamp":"2025-09-04T06:26:56.406Z"}
{"level":"info","message":"Server running on port 3000","service":"youtube-optimizer","timestamp":"2025-09-04T06:27:01.220Z"}
{"level":"info","message":"Environment: development","service":"youtube-optimizer","timestamp":"2025-09-04T06:27:01.222Z"}
{"level":"info","message":"Health check: http://localhost:3000/api/health","service":"youtube-optimizer","timestamp":"2025-09-04T06:27:01.223Z"}
{"level":"info","message":"::1 - - [04/Sep/2025:06:27:07 +0000] \"GET /api/keys/user_1756964558773_989sx1nb7 HTTP/1.1\" - - \"http://127.0.0.1:5500/\" \"Mozilla/5.0 (Windows NT 10.0; Win64; x64) AppleWebKit/537.36 (KHTML, like Gecko) Chrome/139.0.0.0 Safari/537.36\"","service":"youtube-optimizer","timestamp":"2025-09-04T06:27:07.263Z"}
{"level":"info","message":"Server running on port 3000","service":"youtube-optimizer","timestamp":"2025-09-04T06:27:08.973Z"}
{"level":"info","message":"Environment: development","service":"youtube-optimizer","timestamp":"2025-09-04T06:27:08.975Z"}
{"level":"info","message":"Health check: http://localhost:3000/api/health","service":"youtube-optimizer","timestamp":"2025-09-04T06:27:08.975Z"}
{"level":"info","message":"::ffff:127.0.0.1 - - [04/Sep/2025:06:27:19 +0000] \"GET /api/keys/user_1756964558773_989sx1nb7 HTTP/1.1\" 500 50 \"http://127.0.0.1:5500/\" \"Mozilla/5.0 (Windows NT 10.0; Win64; x64) AppleWebKit/537.36 (KHTML, like Gecko) Chrome/139.0.0.0 Safari/537.36\"","service":"youtube-optimizer","timestamp":"2025-09-04T06:27:19.054Z"}
{"level":"info","message":"Server running on port 3000","service":"youtube-optimizer","timestamp":"2025-09-04T06:29:57.940Z"}
{"level":"info","message":"Environment: development","service":"youtube-optimizer","timestamp":"2025-09-04T06:29:57.942Z"}
{"level":"info","message":"Health check: http://localhost:3000/api/health","service":"youtube-optimizer","timestamp":"2025-09-04T06:29:57.943Z"}
{"level":"info","message":"Server running on port 3000","service":"youtube-optimizer","timestamp":"2025-09-04T06:35:04.047Z"}
{"level":"info","message":"Environment: development","service":"youtube-optimizer","timestamp":"2025-09-04T06:35:04.050Z"}
{"level":"info","message":"Health check: http://localhost:3000/api/health","service":"youtube-optimizer","timestamp":"2025-09-04T06:35:04.050Z"}
{"level":"info","message":"Server running on port 3000","service":"youtube-optimizer","timestamp":"2025-09-04T06:37:55.284Z"}
{"level":"info","message":"Environment: development","service":"youtube-optimizer","timestamp":"2025-09-04T06:37:55.286Z"}
{"level":"info","message":"Health check: http://localhost:3000/api/health","service":"youtube-optimizer","timestamp":"2025-09-04T06:37:55.287Z"}
{"level":"info","message":"Server running on port 3000","service":"youtube-optimizer","timestamp":"2025-09-04T06:42:45.576Z"}
{"level":"info","message":"Environment: development","service":"youtube-optimizer","timestamp":"2025-09-04T06:42:45.579Z"}
{"level":"info","message":"Health check: http://localhost:3000/api/health","service":"youtube-optimizer","timestamp":"2025-09-04T06:42:45.579Z"}
{"level":"info","message":"::1 - - [04/Sep/2025:06:43:14 +0000] \"GET / HTTP/1.1\" 200 - \"-\" \"Mozilla/5.0 (Windows NT 10.0; Win64; x64) AppleWebKit/537.36 (KHTML, like Gecko) Chrome/139.0.0.0 Safari/537.36\"","service":"youtube-optimizer","timestamp":"2025-09-04T06:43:14.557Z"}
{"level":"info","message":"::1 - - [04/Sep/2025:06:43:14 +0000] \"GET /css/style.css HTTP/1.1\" 200 - \"-\" \"Mozilla/5.0 (Windows NT 10.0; Win64; x64) AppleWebKit/537.36 (KHTML, like Gecko) Chrome/139.0.0.0 Safari/537.36\"","service":"youtube-optimizer","timestamp":"2025-09-04T06:43:14.641Z"}
{"level":"info","message":"::1 - - [04/Sep/2025:06:43:14 +0000] \"GET /js/app.js HTTP/1.1\" 200 - \"-\" \"Mozilla/5.0 (Windows NT 10.0; Win64; x64) AppleWebKit/537.36 (KHTML, like Gecko) Chrome/139.0.0.0 Safari/537.36\"","service":"youtube-optimizer","timestamp":"2025-09-04T06:43:14.643Z"}
{"level":"info","message":"::1 - - [04/Sep/2025:06:43:14 +0000] \"GET /js/api-key-manager.js HTTP/1.1\" 200 - \"-\" \"Mozilla/5.0 (Windows NT 10.0; Win64; x64) AppleWebKit/537.36 (KHTML, like Gecko) Chrome/139.0.0.0 Safari/537.36\"","service":"youtube-optimizer","timestamp":"2025-09-04T06:43:14.660Z"}
{"level":"info","message":"::1 - - [04/Sep/2025:06:43:14 +0000] \"GET /assets/images/logo.png HTTP/1.1\" 200 10907 \"-\" \"Mozilla/5.0 (Windows NT 10.0; Win64; x64) AppleWebKit/537.36 (KHTML, like Gecko) Chrome/139.0.0.0 Safari/537.36\"","service":"youtube-optimizer","timestamp":"2025-09-04T06:43:14.663Z"}
{"level":"info","message":"::1 - - [04/Sep/2025:06:43:15 +0000] \"GET /api/keys/user_1756968195366_3gzzwxscu HTTP/1.1\" 200 112 \"-\" \"Mozilla/5.0 (Windows NT 10.0; Win64; x64) AppleWebKit/537.36 (KHTML, like Gecko) Chrome/139.0.0.0 Safari/537.36\"","service":"youtube-optimizer","timestamp":"2025-09-04T06:43:15.371Z"}
{"level":"info","message":"Server running on port 3000","service":"youtube-optimizer","timestamp":"2025-09-04T06:44:19.925Z"}
{"level":"info","message":"Environment: development","service":"youtube-optimizer","timestamp":"2025-09-04T06:44:19.927Z"}
{"level":"info","message":"Health check: http://localhost:3000/api/health","service":"youtube-optimizer","timestamp":"2025-09-04T06:44:19.927Z"}
{"level":"info","message":"Server running on port 3000","service":"youtube-optimizer","timestamp":"2025-09-04T06:49:47.948Z"}
{"level":"info","message":"Environment: development","service":"youtube-optimizer","timestamp":"2025-09-04T06:49:47.949Z"}
{"level":"info","message":"Health check: http://localhost:3000/api/health","service":"youtube-optimizer","timestamp":"2025-09-04T06:49:47.950Z"}
{"level":"info","message":"Server running on port 3000","service":"youtube-optimizer","timestamp":"2025-09-04T06:50:04.139Z"}
{"level":"info","message":"Environment: development","service":"youtube-optimizer","timestamp":"2025-09-04T06:50:04.141Z"}
{"level":"info","message":"Health check: http://localhost:3000/api/health","service":"youtube-optimizer","timestamp":"2025-09-04T06:50:04.142Z"}
{"level":"info","message":"Server running on port 3000","service":"youtube-optimizer","timestamp":"2025-09-04T06:50:07.005Z"}
{"level":"info","message":"Environment: development","service":"youtube-optimizer","timestamp":"2025-09-04T06:50:07.008Z"}
{"level":"info","message":"Health check: http://localhost:3000/api/health","service":"youtube-optimizer","timestamp":"2025-09-04T06:50:07.008Z"}
{"level":"info","message":"Server running on port 3000","service":"youtube-optimizer","timestamp":"2025-09-04T06:50:10.297Z"}
{"level":"info","message":"Environment: development","service":"youtube-optimizer","timestamp":"2025-09-04T06:50:10.299Z"}
{"level":"info","message":"Health check: http://localhost:3000/api/health","service":"youtube-optimizer","timestamp":"2025-09-04T06:50:10.299Z"}
{"level":"info","message":"Server running on port 3000","service":"youtube-optimizer","timestamp":"2025-09-04T06:50:12.313Z"}
{"level":"info","message":"Environment: development","service":"youtube-optimizer","timestamp":"2025-09-04T06:50:12.315Z"}
{"level":"info","message":"Health check: http://localhost:3000/api/health","service":"youtube-optimizer","timestamp":"2025-09-04T06:50:12.316Z"}
{"level":"info","message":"Server running on port 3000","service":"youtube-optimizer","timestamp":"2025-09-04T06:50:16.317Z"}
{"level":"info","message":"Environment: development","service":"youtube-optimizer","timestamp":"2025-09-04T06:50:16.319Z"}
{"level":"info","message":"Health check: http://localhost:3000/api/health","service":"youtube-optimizer","timestamp":"2025-09-04T06:50:16.320Z"}
{"level":"info","message":"Server running on port 3000","service":"youtube-optimizer","timestamp":"2025-09-04T06:50:17.672Z"}
{"level":"info","message":"Environment: development","service":"youtube-optimizer","timestamp":"2025-09-04T06:50:17.674Z"}
{"level":"info","message":"Health check: http://localhost:3000/api/health","service":"youtube-optimizer","timestamp":"2025-09-04T06:50:17.674Z"}
{"level":"info","message":"Server running on port 3000","service":"youtube-optimizer","timestamp":"2025-09-04T06:50:22.905Z"}
{"level":"info","message":"Environment: development","service":"youtube-optimizer","timestamp":"2025-09-04T06:50:22.907Z"}
{"level":"info","message":"Health check: http://localhost:3000/api/health","service":"youtube-optimizer","timestamp":"2025-09-04T06:50:22.907Z"}
{"level":"info","message":"Server running on port 3000","service":"youtube-optimizer","timestamp":"2025-09-04T06:50:30.039Z"}
{"level":"info","message":"Environment: development","service":"youtube-optimizer","timestamp":"2025-09-04T06:50:30.041Z"}
{"level":"info","message":"Health check: http://localhost:3000/api/health","service":"youtube-optimizer","timestamp":"2025-09-04T06:50:30.041Z"}
{"level":"info","message":"Server running on port 3000","service":"youtube-optimizer","timestamp":"2025-09-04T06:50:34.429Z"}
{"level":"info","message":"Environment: development","service":"youtube-optimizer","timestamp":"2025-09-04T06:50:34.431Z"}
{"level":"info","message":"Health check: http://localhost:3000/api/health","service":"youtube-optimizer","timestamp":"2025-09-04T06:50:34.431Z"}
{"level":"info","message":"Server running on port 3000","service":"youtube-optimizer","timestamp":"2025-09-04T06:50:36.229Z"}
{"level":"info","message":"Environment: development","service":"youtube-optimizer","timestamp":"2025-09-04T06:50:36.231Z"}
{"level":"info","message":"Health check: http://localhost:3000/api/health","service":"youtube-optimizer","timestamp":"2025-09-04T06:50:36.232Z"}
{"level":"info","message":"Server running on port 3000","service":"youtube-optimizer","timestamp":"2025-09-04T06:54:35.975Z"}
{"level":"info","message":"Environment: development","service":"youtube-optimizer","timestamp":"2025-09-04T06:54:35.977Z"}
{"level":"info","message":"Health check: http://localhost:3000/api/health","service":"youtube-optimizer","timestamp":"2025-09-04T06:54:35.977Z"}
{"level":"info","message":"Server running on port 3000","service":"youtube-optimizer","timestamp":"2025-09-04T06:54:43.701Z"}
{"level":"info","message":"Environment: development","service":"youtube-optimizer","timestamp":"2025-09-04T06:54:43.703Z"}
{"level":"info","message":"Health check: http://localhost:3000/api/health","service":"youtube-optimizer","timestamp":"2025-09-04T06:54:43.703Z"}
{"level":"info","message":"Server running on port 3000","service":"youtube-optimizer","timestamp":"2025-09-04T06:54:47.238Z"}
{"level":"info","message":"Environment: development","service":"youtube-optimizer","timestamp":"2025-09-04T06:54:47.240Z"}
{"level":"info","message":"Health check: http://localhost:3000/api/health","service":"youtube-optimizer","timestamp":"2025-09-04T06:54:47.240Z"}
{"level":"info","message":"Server running on port 3000","service":"youtube-optimizer","timestamp":"2025-09-04T06:54:50.055Z"}
{"level":"info","message":"Environment: development","service":"youtube-optimizer","timestamp":"2025-09-04T06:54:50.057Z"}
{"level":"info","message":"Health check: http://localhost:3000/api/health","service":"youtube-optimizer","timestamp":"2025-09-04T06:54:50.058Z"}
{"level":"info","message":"Server running on port 3000","service":"youtube-optimizer","timestamp":"2025-09-04T06:54:56.209Z"}
{"level":"info","message":"Environment: development","service":"youtube-optimizer","timestamp":"2025-09-04T06:54:56.212Z"}
{"level":"info","message":"Health check: http://localhost:3000/api/health","service":"youtube-optimizer","timestamp":"2025-09-04T06:54:56.212Z"}
{"level":"info","message":"Server running on port 3000","service":"youtube-optimizer","timestamp":"2025-09-04T06:54:59.232Z"}
{"level":"info","message":"Environment: development","service":"youtube-optimizer","timestamp":"2025-09-04T06:54:59.234Z"}
{"level":"info","message":"Health check: http://localhost:3000/api/health","service":"youtube-optimizer","timestamp":"2025-09-04T06:54:59.234Z"}
{"level":"info","message":"Server running on port 3000","service":"youtube-optimizer","timestamp":"2025-09-04T06:55:02.299Z"}
{"level":"info","message":"Environment: development","service":"youtube-optimizer","timestamp":"2025-09-04T06:55:02.301Z"}
{"level":"info","message":"Health check: http://localhost:3000/api/health","service":"youtube-optimizer","timestamp":"2025-09-04T06:55:02.302Z"}
{"level":"info","message":"Server running on port 3000","service":"youtube-optimizer","timestamp":"2025-09-04T06:55:03.871Z"}
{"level":"info","message":"Environment: development","service":"youtube-optimizer","timestamp":"2025-09-04T06:55:03.873Z"}
{"level":"info","message":"Health check: http://localhost:3000/api/health","service":"youtube-optimizer","timestamp":"2025-09-04T06:55:03.873Z"}
{"level":"info","message":"Server running on port 3000","service":"youtube-optimizer","timestamp":"2025-09-04T06:55:08.949Z"}
{"level":"info","message":"Environment: development","service":"youtube-optimizer","timestamp":"2025-09-04T06:55:08.951Z"}
{"level":"info","message":"Health check: http://localhost:3000/api/health","service":"youtube-optimizer","timestamp":"2025-09-04T06:55:08.951Z"}
{"level":"info","message":"Server running on port 3000","service":"youtube-optimizer","timestamp":"2025-09-04T06:55:13.230Z"}
{"level":"info","message":"Environment: development","service":"youtube-optimizer","timestamp":"2025-09-04T06:55:13.232Z"}
{"level":"info","message":"Health check: http://localhost:3000/api/health","service":"youtube-optimizer","timestamp":"2025-09-04T06:55:13.232Z"}
{"level":"info","message":"Server running on port 3000","service":"youtube-optimizer","timestamp":"2025-09-04T06:55:18.350Z"}
{"level":"info","message":"Environment: development","service":"youtube-optimizer","timestamp":"2025-09-04T06:55:18.352Z"}
{"level":"info","message":"Health check: http://localhost:3000/api/health","service":"youtube-optimizer","timestamp":"2025-09-04T06:55:18.353Z"}
